<?xml version="1.0" encoding="UTF-8"?>
<robot generator="Robot 3.2.1 (Python 3.7.2 on win32)" generated="20200527 08:40:27.473" rpa="false">
<suite id="s1" name="TetsCases" source="C:\Users\sony\PycharmProjects\RobortFrameWorkAutomation\TetsCases">
<kw name="Before Test Suite" type="setup">
<kw name="Log" library="BuiltIn">
<doc>Logs the given message with the given level.</doc>
<arguments>
<arg>BeforeTestSuite</arg>
</arguments>
<msg timestamp="20200527 08:40:27.702" level="INFO">BeforeTestSuite</msg>
<status status="PASS" starttime="20200527 08:40:27.701" endtime="20200527 08:40:27.702"></status>
</kw>
<status status="PASS" starttime="20200527 08:40:27.701" endtime="20200527 08:40:27.702"></status>
</kw>
<suite id="s1-s1" name="TCC01Open CloseBrowser" source="C:\Users\sony\PycharmProjects\RobortFrameWorkAutomation\TetsCases\TCC01Open_CloseBrowser.robot">
<test id="s1-s1-t1" name="TCC01Open_CloseBrowser">
<kw name="Open Browser" library="SeleniumLibrary">
<doc>Opens a new browser instance to the optional ``url``.</doc>
<arguments>
<arg>${URL}</arg>
<arg>${Browser}</arg>
</arguments>
<msg timestamp="20200527 08:40:29.883" level="INFO">Opening browser 'Chrome' to base url 'http://www.thetestingworld.com/testings'.</msg>
<status status="PASS" starttime="20200527 08:40:29.883" endtime="20200527 08:40:52.946"></status>
</kw>
<kw name="Close Browser" library="SeleniumLibrary">
<doc>Closes the current browser.</doc>
<status status="PASS" starttime="20200527 08:40:52.947" endtime="20200527 08:40:55.268"></status>
</kw>
<status status="PASS" starttime="20200527 08:40:29.881" endtime="20200527 08:40:55.269" critical="yes"></status>
</test>
<status status="PASS" starttime="20200527 08:40:27.702" endtime="20200527 08:40:55.293"></status>
</suite>
<suite id="s1-s2" name="TCC02InterectTextBox" source="C:\Users\sony\PycharmProjects\RobortFrameWorkAutomation\TetsCases\TCC02InterectTextBox.robot">
<test id="s1-s2-t1" name="Robot FirstTestCase">
<kw name="Open Browser" library="SeleniumLibrary">
<doc>Opens a new browser instance to the optional ``url``.</doc>
<arguments>
<arg>${URL}</arg>
<arg>${Browser}</arg>
</arguments>
<msg timestamp="20200527 08:40:55.310" level="INFO">Opening browser 'Chrome' to base url 'http://www.thetestingworld.com/testings'.</msg>
<status status="PASS" starttime="20200527 08:40:55.309" endtime="20200527 08:41:05.833"></status>
</kw>
<kw name="Maximize Browser Window" library="SeleniumLibrary">
<doc>Maximizes current browser window.</doc>
<status status="PASS" starttime="20200527 08:41:05.834" endtime="20200527 08:41:08.189"></status>
</kw>
<kw name="Input Text" library="SeleniumLibrary">
<doc>Types the given ``text`` into the text field identified by ``locator``.</doc>
<arguments>
<arg>name:fld_username</arg>
<arg>Romesh</arg>
</arguments>
<msg timestamp="20200527 08:41:08.190" level="INFO">Typing text 'Romesh' into text field 'name:fld_username'.</msg>
<status status="PASS" starttime="20200527 08:41:08.190" endtime="20200527 08:41:08.854"></status>
</kw>
<kw name="Input Text" library="SeleniumLibrary">
<doc>Types the given ``text`` into the text field identified by ``locator``.</doc>
<arguments>
<arg>xpath://input[@name='fld_email']</arg>
<arg>testingworld@gmail.com</arg>
</arguments>
<msg timestamp="20200527 08:41:08.858" level="INFO">Typing text 'testingworld@gmail.com' into text field 'xpath://input[@name='fld_email']'.</msg>
<status status="PASS" starttime="20200527 08:41:08.857" endtime="20200527 08:41:09.192"></status>
</kw>
<kw name="Select From List By Index" library="SeleniumLibrary">
<doc>Selects options from selection list ``locator`` by ``indexes``.</doc>
<arguments>
<arg>name:sex</arg>
<arg>2</arg>
</arguments>
<msg timestamp="20200527 08:41:09.196" level="INFO">Selecting options from selection list 'name:sex' by index 2.</msg>
<status status="PASS" starttime="20200527 08:41:09.195" endtime="20200527 08:41:09.397"></status>
</kw>
<kw name="Clear Element Text" library="SeleniumLibrary">
<doc>Clears the value of the text-input-element identified by ``locator``.</doc>
<arguments>
<arg>name:fld_username</arg>
</arguments>
<status status="PASS" starttime="20200527 08:41:09.398" endtime="20200527 08:41:09.452"></status>
</kw>
<kw name="Select From List By Value" library="SeleniumLibrary">
<doc>Selects options from selection list ``locator`` by ``values``.</doc>
<arguments>
<arg>name:sex</arg>
<arg>1</arg>
</arguments>
<msg timestamp="20200527 08:41:09.453" level="INFO">Selecting options from selection list 'name:sex' by value 1.</msg>
<status status="PASS" starttime="20200527 08:41:09.453" endtime="20200527 08:41:09.567"></status>
</kw>
<kw name="Select Radio Button" library="SeleniumLibrary">
<doc>Sets the radio button group ``group_name`` to ``value``.</doc>
<arguments>
<arg>add_type</arg>
<arg>office</arg>
</arguments>
<msg timestamp="20200527 08:41:09.568" level="INFO">Selecting 'office' from radio button 'add_type'.</msg>
<status status="PASS" starttime="20200527 08:41:09.567" endtime="20200527 08:41:09.717"></status>
</kw>
<kw name="Select Checkbox" library="SeleniumLibrary">
<doc>Selects the checkbox identified by ``locator``.</doc>
<arguments>
<arg>name:terms</arg>
</arguments>
<msg timestamp="20200527 08:41:09.718" level="INFO">Selecting checkbox 'name:terms'.</msg>
<status status="PASS" starttime="20200527 08:41:09.718" endtime="20200527 08:41:09.865"></status>
</kw>
<kw name="Select From List By Label" library="SeleniumLibrary">
<doc>Selects options from selection list ``locator`` by ``labels``.</doc>
<arguments>
<arg>name:sex</arg>
<arg>Female</arg>
</arguments>
<msg timestamp="20200527 08:41:09.866" level="INFO">Selecting options from selection list 'name:sex' by label Female.</msg>
<status status="PASS" starttime="20200527 08:41:09.866" endtime="20200527 08:41:09.954"></status>
</kw>
<kw name="Click Button" library="SeleniumLibrary">
<doc>Clicks the button identified by ``locator``.</doc>
<arguments>
<arg>xpath://input[@type='submit']</arg>
</arguments>
<msg timestamp="20200527 08:41:09.955" level="INFO">Clicking button 'xpath://input[@type='submit']'.</msg>
<status status="PASS" starttime="20200527 08:41:09.955" endtime="20200527 08:41:10.202"></status>
</kw>
<kw name="Click Link" library="SeleniumLibrary">
<doc>Clicks a link identified by ``locator``.</doc>
<arguments>
<arg>xpath://a[text()='Read Detail']</arg>
</arguments>
<msg timestamp="20200527 08:41:10.204" level="INFO">Clicking link 'xpath://a[text()='Read Detail']'.</msg>
<status status="PASS" starttime="20200527 08:41:10.203" endtime="20200527 08:41:10.724"></status>
</kw>
<status status="PASS" starttime="20200527 08:40:55.307" endtime="20200527 08:41:10.726" critical="yes"></status>
</test>
<status status="PASS" starttime="20200527 08:40:55.297" endtime="20200527 08:41:10.730"></status>
</suite>
<suite id="s1-s3" name="TCC03KeyWord" source="C:\Users\sony\PycharmProjects\RobortFrameWorkAutomation\TetsCases\TCC03KeyWord.robot">
<test id="s1-s3-t1" name="Keyword Example TestCase">
<kw name="Open Browser" library="SeleniumLibrary">
<doc>Opens a new browser instance to the optional ``url``.</doc>
<arguments>
<arg>${URL}</arg>
<arg>${Browser}</arg>
</arguments>
<msg timestamp="20200527 08:41:10.758" level="INFO">Opening browser 'Chrome' to base url 'http://www.thetestingworld.com/testings'.</msg>
<status status="PASS" starttime="20200527 08:41:10.758" endtime="20200527 08:41:28.342"></status>
</kw>
<kw name="Maximize Browser Window" library="SeleniumLibrary">
<doc>Maximizes current browser window.</doc>
<status status="PASS" starttime="20200527 08:41:28.343" endtime="20200527 08:41:30.471"></status>
</kw>
<kw name="Enter UserName &amp; Email">
<kw name="Input Text" library="SeleniumLibrary">
<doc>Types the given ``text`` into the text field identified by ``locator``.</doc>
<arguments>
<arg>name:fld_username</arg>
<arg>Romesh</arg>
</arguments>
<msg timestamp="20200527 08:41:30.473" level="INFO">Typing text 'Romesh' into text field 'name:fld_username'.</msg>
<status status="PASS" starttime="20200527 08:41:30.473" endtime="20200527 08:41:30.698"></status>
</kw>
<kw name="Input Text" library="SeleniumLibrary">
<doc>Types the given ``text`` into the text field identified by ``locator``.</doc>
<arguments>
<arg>xpath://input[@name='fld_email']</arg>
<arg>testingworld@gmail.com</arg>
</arguments>
<msg timestamp="20200527 08:41:30.699" level="INFO">Typing text 'testingworld@gmail.com' into text field 'xpath://input[@name='fld_email']'.</msg>
<status status="PASS" starttime="20200527 08:41:30.698" endtime="20200527 08:41:31.021"></status>
</kw>
<status status="PASS" starttime="20200527 08:41:30.472" endtime="20200527 08:41:31.021"></status>
</kw>
<status status="PASS" starttime="20200527 08:41:10.756" endtime="20200527 08:41:31.022" critical="yes"></status>
</test>
<status status="PASS" starttime="20200527 08:41:10.742" endtime="20200527 08:41:31.026"></status>
</suite>
<suite id="s1-s4" name="TCC04KeyWordWithArgumnet" source="C:\Users\sony\PycharmProjects\RobortFrameWorkAutomation\TetsCases\TCC04KeyWordWithArgumnet.robot">
<test id="s1-s4-t1" name="Keyword Example With Argumnet">
<kw name="Open Browser" library="SeleniumLibrary">
<doc>Opens a new browser instance to the optional ``url``.</doc>
<arguments>
<arg>${URL}</arg>
<arg>${Browser}</arg>
</arguments>
<msg timestamp="20200527 08:41:31.044" level="INFO">Opening browser 'Chrome' to base url 'http://www.thetestingworld.com/testings'.</msg>
<status status="PASS" starttime="20200527 08:41:31.043" endtime="20200527 08:41:48.245"></status>
</kw>
<kw name="Maximize Browser Window" library="SeleniumLibrary">
<doc>Maximizes current browser window.</doc>
<status status="PASS" starttime="20200527 08:41:48.247" endtime="20200527 08:41:50.408"></status>
</kw>
<kw name="Enter UserName &amp; Email">
<arguments>
<arg>Romesh</arg>
<arg>romesh@gmail.com</arg>
</arguments>
<kw name="Input Text" library="SeleniumLibrary">
<doc>Types the given ``text`` into the text field identified by ``locator``.</doc>
<arguments>
<arg>name:fld_username</arg>
<arg>${username}</arg>
</arguments>
<msg timestamp="20200527 08:41:50.411" level="INFO">Typing text 'Romesh' into text field 'name:fld_username'.</msg>
<status status="PASS" starttime="20200527 08:41:50.410" endtime="20200527 08:41:50.636"></status>
</kw>
<kw name="Input Text" library="SeleniumLibrary">
<doc>Types the given ``text`` into the text field identified by ``locator``.</doc>
<arguments>
<arg>xpath://input[@name='fld_email']</arg>
<arg>${email}</arg>
</arguments>
<msg timestamp="20200527 08:41:50.637" level="INFO">Typing text 'romesh@gmail.com' into text field 'xpath://input[@name='fld_email']'.</msg>
<status status="PASS" starttime="20200527 08:41:50.636" endtime="20200527 08:41:50.922"></status>
</kw>
<status status="PASS" starttime="20200527 08:41:50.409" endtime="20200527 08:41:50.922"></status>
</kw>
<status status="PASS" starttime="20200527 08:41:31.042" endtime="20200527 08:41:50.923" critical="yes"></status>
</test>
<status status="PASS" starttime="20200527 08:41:31.032" endtime="20200527 08:41:50.928"></status>
</suite>
<suite id="s1-s5" name="TCC05KeyWordWithArgumnet" source="C:\Users\sony\PycharmProjects\RobortFrameWorkAutomation\TetsCases\TCC05KeyWordWithArgumnet.robot">
<test id="s1-s5-t1" name="Keyword Example With Argumnet">
<kw name="Open Browser" library="SeleniumLibrary">
<doc>Opens a new browser instance to the optional ``url``.</doc>
<arguments>
<arg>${URL}</arg>
<arg>${Browser}</arg>
</arguments>
<msg timestamp="20200527 08:41:50.947" level="INFO">Opening browser 'Chrome' to base url 'http://www.thetestingworld.com/testings'.</msg>
<status status="PASS" starttime="20200527 08:41:50.947" endtime="20200527 08:42:23.868"></status>
</kw>
<kw name="Maximize Browser Window" library="SeleniumLibrary">
<doc>Maximizes current browser window.</doc>
<status status="PASS" starttime="20200527 08:42:23.869" endtime="20200527 08:42:26.027"></status>
</kw>
<kw name="Enter UserName &amp; Email">
<arguments>
<arg>Romesh</arg>
<arg>romesh@gmail.com</arg>
</arguments>
<kw name="Input Text" library="SeleniumLibrary">
<doc>Types the given ``text`` into the text field identified by ``locator``.</doc>
<arguments>
<arg>name:fld_username</arg>
<arg>${username}</arg>
</arguments>
<msg timestamp="20200527 08:42:26.031" level="INFO">Typing text 'Romesh' into text field 'name:fld_username'.</msg>
<status status="PASS" starttime="20200527 08:42:26.030" endtime="20200527 08:42:26.415"></status>
</kw>
<kw name="Input Text" library="SeleniumLibrary">
<doc>Types the given ``text`` into the text field identified by ``locator``.</doc>
<arguments>
<arg>xpath://input[@name='fld_email']</arg>
<arg>${email}</arg>
</arguments>
<msg timestamp="20200527 08:42:26.416" level="INFO">Typing text 'romesh@gmail.com' into text field 'xpath://input[@name='fld_email']'.</msg>
<status status="PASS" starttime="20200527 08:42:26.415" endtime="20200527 08:42:26.945"></status>
</kw>
<status status="PASS" starttime="20200527 08:42:26.028" endtime="20200527 08:42:26.946"></status>
</kw>
<status status="PASS" starttime="20200527 08:41:50.945" endtime="20200527 08:42:26.947" critical="yes"></status>
</test>
<status status="PASS" starttime="20200527 08:41:50.936" endtime="20200527 08:42:26.950"></status>
</suite>
<suite id="s1-s6" name="TCC06KeyWordInResources" source="C:\Users\sony\PycharmProjects\RobortFrameWorkAutomation\TetsCases\TCC06KeyWordInResources.robot">
<test id="s1-s6-t1" name="TC06KeywordsinResourceFile">
<kw name="StartBrowser" library="Resources1">
<doc>It is use to give details like this key word is use to Open Browser</doc>
<arguments>
<arg>${URL}</arg>
<arg>${Browser}</arg>
</arguments>
<assign>
<var>${Res}</var>
</assign>
<kw name="Open Browser" library="SeleniumLibrary">
<doc>Opens a new browser instance to the optional ``url``.</doc>
<arguments>
<arg>${UserURL}</arg>
<arg>${UserBrowser}</arg>
</arguments>
<msg timestamp="20200527 08:42:27.296" level="INFO">Opening browser 'Chrome' to base url 'http://www.thetestingworld.com/testings'.</msg>
<status status="PASS" starttime="20200527 08:42:27.295" endtime="20200527 08:42:46.943"></status>
</kw>
<kw name="Maximize Browser Window" library="SeleniumLibrary">
<doc>Maximizes current browser window.</doc>
<status status="PASS" starttime="20200527 08:42:46.943" endtime="20200527 08:42:49.090"></status>
</kw>
<kw name="Get Title" library="SeleniumLibrary">
<doc>Returns the title of the current page.</doc>
<assign>
<var>${Title}</var>
</assign>
<msg timestamp="20200527 08:42:49.100" level="INFO">${Title} = Login &amp; Sign Up Forms</msg>
<status status="PASS" starttime="20200527 08:42:49.090" endtime="20200527 08:42:49.100"></status>
</kw>
<msg timestamp="20200527 08:42:49.101" level="INFO">${Res} = Login &amp; Sign Up Forms</msg>
<status status="PASS" starttime="20200527 08:42:27.293" endtime="20200527 08:42:49.101"></status>
</kw>
<kw name="Log" library="BuiltIn">
<doc>Logs the given message with the given level.</doc>
<arguments>
<arg>${Res}</arg>
</arguments>
<msg timestamp="20200527 08:42:49.102" level="INFO">Login &amp; Sign Up Forms</msg>
<status status="PASS" starttime="20200527 08:42:49.102" endtime="20200527 08:42:49.103"></status>
</kw>
<kw name="Enter UserName &amp; Email" library="Resources1">
<arguments>
<arg>Romesh</arg>
<arg>romesh@gmail.com</arg>
</arguments>
<kw name="Input Text" library="SeleniumLibrary">
<doc>Types the given ``text`` into the text field identified by ``locator``.</doc>
<arguments>
<arg>name:fld_username</arg>
<arg>${username}</arg>
</arguments>
<msg timestamp="20200527 08:42:49.104" level="INFO">Typing text 'Romesh' into text field 'name:fld_username'.</msg>
<status status="PASS" starttime="20200527 08:42:49.103" endtime="20200527 08:42:49.295"></status>
</kw>
<kw name="Input Text" library="SeleniumLibrary">
<doc>Types the given ``text`` into the text field identified by ``locator``.</doc>
<arguments>
<arg>xpath://input[@name='fld_email']</arg>
<arg>${email}</arg>
</arguments>
<msg timestamp="20200527 08:42:49.296" level="INFO">Typing text 'romesh@gmail.com' into text field 'xpath://input[@name='fld_email']'.</msg>
<status status="PASS" starttime="20200527 08:42:49.295" endtime="20200527 08:42:49.541"></status>
</kw>
<status status="PASS" starttime="20200527 08:42:49.103" endtime="20200527 08:42:49.541"></status>
</kw>
<doc>test case launch browser</doc>
<status status="PASS" starttime="20200527 08:42:27.289" endtime="20200527 08:42:49.542" critical="yes"></status>
</test>
<doc>it gives Details for the test case</doc>
<status status="PASS" starttime="20200527 08:42:26.955" endtime="20200527 08:42:49.544"></status>
</suite>
<suite id="s1-s7" name="TCC07SetupTearDown" source="C:\Users\sony\PycharmProjects\RobortFrameWorkAutomation\TetsCases\TCC07SetupTearDown.robot">
<test id="s1-s7-t1" name="First Test Case">
<kw name="StartMaximizeBrowser" library="Resources1" type="setup">
<arguments>
<arg>${URL}</arg>
<arg>${Browser}</arg>
</arguments>
<kw name="Open Browser" library="SeleniumLibrary">
<doc>Opens a new browser instance to the optional ``url``.</doc>
<arguments>
<arg>${UserURL}</arg>
<arg>${UserBrowser}</arg>
</arguments>
<msg timestamp="20200527 08:42:49.569" level="INFO">Opening browser 'Chrome' to base url 'http://www.thetestingworld.com/testings'.</msg>
<status status="PASS" starttime="20200527 08:42:49.568" endtime="20200527 08:43:14.169"></status>
</kw>
<kw name="Maximize Browser Window" library="SeleniumLibrary">
<doc>Maximizes current browser window.</doc>
<status status="PASS" starttime="20200527 08:43:14.170" endtime="20200527 08:43:16.296"></status>
</kw>
<status status="PASS" starttime="20200527 08:42:49.567" endtime="20200527 08:43:16.297"></status>
</kw>
<kw name="Enter UserName &amp; Email" library="Resources1">
<arguments>
<arg>Romesh</arg>
<arg>romesh@gmail.com</arg>
</arguments>
<kw name="Input Text" library="SeleniumLibrary">
<doc>Types the given ``text`` into the text field identified by ``locator``.</doc>
<arguments>
<arg>name:fld_username</arg>
<arg>${username}</arg>
</arguments>
<msg timestamp="20200527 08:43:16.299" level="INFO">Typing text 'Romesh' into text field 'name:fld_username'.</msg>
<status status="PASS" starttime="20200527 08:43:16.299" endtime="20200527 08:43:16.527"></status>
</kw>
<kw name="Input Text" library="SeleniumLibrary">
<doc>Types the given ``text`` into the text field identified by ``locator``.</doc>
<arguments>
<arg>xpath://input[@name='fld_email']</arg>
<arg>${email}</arg>
</arguments>
<msg timestamp="20200527 08:43:16.528" level="INFO">Typing text 'romesh@gmail.com' into text field 'xpath://input[@name='fld_email']'.</msg>
<status status="PASS" starttime="20200527 08:43:16.528" endtime="20200527 08:43:16.830"></status>
</kw>
<status status="PASS" starttime="20200527 08:43:16.298" endtime="20200527 08:43:16.830"></status>
</kw>
<kw name="Close Browser Window" library="Resources1" type="teardown">
<kw name="Close Browser" library="SeleniumLibrary">
<doc>Closes the current browser.</doc>
<status status="PASS" starttime="20200527 08:43:16.833" endtime="20200527 08:43:32.125"></status>
</kw>
<status status="PASS" starttime="20200527 08:43:16.832" endtime="20200527 08:43:32.125"></status>
</kw>
<doc>test case launch browser</doc>
<status status="PASS" starttime="20200527 08:42:49.566" endtime="20200527 08:43:32.126" critical="yes"></status>
</test>
<test id="s1-s7-t2" name="Second Test Case">
<kw name="StartMaximizeBrowser" library="Resources1" type="setup">
<arguments>
<arg>${URL}</arg>
<arg>${Browser}</arg>
</arguments>
<kw name="Open Browser" library="SeleniumLibrary">
<doc>Opens a new browser instance to the optional ``url``.</doc>
<arguments>
<arg>${UserURL}</arg>
<arg>${UserBrowser}</arg>
</arguments>
<msg timestamp="20200527 08:43:32.134" level="INFO">Opening browser 'Chrome' to base url 'http://www.thetestingworld.com/testings'.</msg>
<status status="PASS" starttime="20200527 08:43:32.132" endtime="20200527 08:44:05.423"></status>
</kw>
<kw name="Maximize Browser Window" library="SeleniumLibrary">
<doc>Maximizes current browser window.</doc>
<status status="PASS" starttime="20200527 08:44:05.424" endtime="20200527 08:44:07.569"></status>
</kw>
<status status="PASS" starttime="20200527 08:43:32.130" endtime="20200527 08:44:07.569"></status>
</kw>
<kw name="Select Radio Button" library="SeleniumLibrary">
<doc>Sets the radio button group ``group_name`` to ``value``.</doc>
<arguments>
<arg>add_type</arg>
<arg>office</arg>
</arguments>
<msg timestamp="20200527 08:44:07.570" level="INFO">Selecting 'office' from radio button 'add_type'.</msg>
<status status="PASS" starttime="20200527 08:44:07.570" endtime="20200527 08:44:07.694"></status>
</kw>
<kw name="Select Checkbox" library="SeleniumLibrary">
<doc>Selects the checkbox identified by ``locator``.</doc>
<arguments>
<arg>name:terms</arg>
</arguments>
<msg timestamp="20200527 08:44:07.695" level="INFO">Selecting checkbox 'name:terms'.</msg>
<status status="PASS" starttime="20200527 08:44:07.695" endtime="20200527 08:44:07.843"></status>
</kw>
<kw name="Close Browser Window" library="Resources1" type="teardown">
<kw name="Close Browser" library="SeleniumLibrary">
<doc>Closes the current browser.</doc>
<status status="PASS" starttime="20200527 08:44:07.845" endtime="20200527 08:44:10.691"></status>
</kw>
<status status="PASS" starttime="20200527 08:44:07.844" endtime="20200527 08:44:10.692"></status>
</kw>
<doc>test case launch browser</doc>
<status status="PASS" starttime="20200527 08:43:32.128" endtime="20200527 08:44:10.692" critical="yes"></status>
</test>
<doc>it gives Details for the test case</doc>
<status status="PASS" starttime="20200527 08:42:49.549" endtime="20200527 08:44:10.694"></status>
</suite>
<suite id="s1-s8" name="TCC08SetupTearDownatSetting" source="C:\Users\sony\PycharmProjects\RobortFrameWorkAutomation\TetsCases\TCC08SetupTearDownatSetting.robot">
<kw name="Before Test Suite" library="Resources1" type="setup">
<kw name="Log" library="BuiltIn">
<doc>Logs the given message with the given level.</doc>
<arguments>
<arg>BeforeTestSuite</arg>
</arguments>
<msg timestamp="20200527 08:44:10.718" level="INFO">BeforeTestSuite</msg>
<status status="PASS" starttime="20200527 08:44:10.718" endtime="20200527 08:44:10.718"></status>
</kw>
<status status="PASS" starttime="20200527 08:44:10.717" endtime="20200527 08:44:10.718"></status>
</kw>
<test id="s1-s8-t1" name="First Test Case">
<kw name="StartMaximizeBrowser" library="Resources1" type="setup">
<arguments>
<arg>${URL}</arg>
<arg>${Browser}</arg>
</arguments>
<kw name="Open Browser" library="SeleniumLibrary">
<doc>Opens a new browser instance to the optional ``url``.</doc>
<arguments>
<arg>${UserURL}</arg>
<arg>${UserBrowser}</arg>
</arguments>
<msg timestamp="20200527 08:44:10.723" level="INFO">Opening browser 'Chrome' to base url 'http://www.thetestingworld.com/testings'.</msg>
<status status="PASS" starttime="20200527 08:44:10.722" endtime="20200527 08:44:31.997"></status>
</kw>
<kw name="Maximize Browser Window" library="SeleniumLibrary">
<doc>Maximizes current browser window.</doc>
<status status="PASS" starttime="20200527 08:44:31.997" endtime="20200527 08:44:34.151"></status>
</kw>
<status status="PASS" starttime="20200527 08:44:10.720" endtime="20200527 08:44:34.152"></status>
</kw>
<kw name="Enter UserName &amp; Email" library="Resources1">
<arguments>
<arg>Romesh</arg>
<arg>romesh@gmail.com</arg>
</arguments>
<kw name="Input Text" library="SeleniumLibrary">
<doc>Types the given ``text`` into the text field identified by ``locator``.</doc>
<arguments>
<arg>name:fld_username</arg>
<arg>${username}</arg>
</arguments>
<msg timestamp="20200527 08:44:34.154" level="INFO">Typing text 'Romesh' into text field 'name:fld_username'.</msg>
<status status="PASS" starttime="20200527 08:44:34.153" endtime="20200527 08:44:34.404"></status>
</kw>
<kw name="Input Text" library="SeleniumLibrary">
<doc>Types the given ``text`` into the text field identified by ``locator``.</doc>
<arguments>
<arg>xpath://input[@name='fld_email']</arg>
<arg>${email}</arg>
</arguments>
<msg timestamp="20200527 08:44:34.406" level="INFO">Typing text 'romesh@gmail.com' into text field 'xpath://input[@name='fld_email']'.</msg>
<status status="PASS" starttime="20200527 08:44:34.405" endtime="20200527 08:44:34.797"></status>
</kw>
<status status="PASS" starttime="20200527 08:44:34.153" endtime="20200527 08:44:34.798"></status>
</kw>
<kw name="Close Browser Window" library="Resources1" type="teardown">
<kw name="Close Browser" library="SeleniumLibrary">
<doc>Closes the current browser.</doc>
<status status="PASS" starttime="20200527 08:44:34.800" endtime="20200527 08:44:37.272"></status>
</kw>
<status status="PASS" starttime="20200527 08:44:34.799" endtime="20200527 08:44:37.273"></status>
</kw>
<doc>test case launch browser</doc>
<tags>
<tag>regression</tag>
<tag>smoke</tag>
</tags>
<status status="PASS" starttime="20200527 08:44:10.719" endtime="20200527 08:44:37.274" critical="yes"></status>
</test>
<test id="s1-s8-t2" name="Second Test Case">
<kw name="StartMaximizeBrowser" library="Resources1" type="setup">
<arguments>
<arg>${URL}</arg>
<arg>${Browser}</arg>
</arguments>
<kw name="Open Browser" library="SeleniumLibrary">
<doc>Opens a new browser instance to the optional ``url``.</doc>
<arguments>
<arg>${UserURL}</arg>
<arg>${UserBrowser}</arg>
</arguments>
<msg timestamp="20200527 08:44:37.281" level="INFO">Opening browser 'Chrome' to base url 'http://www.thetestingworld.com/testings'.</msg>
<status status="PASS" starttime="20200527 08:44:37.280" endtime="20200527 08:45:12.264"></status>
</kw>
<kw name="Maximize Browser Window" library="SeleniumLibrary">
<doc>Maximizes current browser window.</doc>
<status status="PASS" starttime="20200527 08:45:12.264" endtime="20200527 08:45:14.414"></status>
</kw>
<status status="PASS" starttime="20200527 08:44:37.278" endtime="20200527 08:45:14.415"></status>
</kw>
<kw name="Select Radio Button" library="SeleniumLibrary">
<doc>Sets the radio button group ``group_name`` to ``value``.</doc>
<arguments>
<arg>add_type</arg>
<arg>office</arg>
</arguments>
<msg timestamp="20200527 08:45:14.416" level="INFO">Selecting 'office' from radio button 'add_type'.</msg>
<status status="PASS" starttime="20200527 08:45:14.416" endtime="20200527 08:45:14.538"></status>
</kw>
<kw name="Select Checkbox" library="SeleniumLibrary">
<doc>Selects the checkbox identified by ``locator``.</doc>
<arguments>
<arg>name:terms</arg>
</arguments>
<msg timestamp="20200527 08:45:14.540" level="INFO">Selecting checkbox 'name:terms'.</msg>
<status status="PASS" starttime="20200527 08:45:14.539" endtime="20200527 08:45:14.706"></status>
</kw>
<kw name="Close Browser Window" library="Resources1" type="teardown">
<kw name="Close Browser" library="SeleniumLibrary">
<doc>Closes the current browser.</doc>
<status status="PASS" starttime="20200527 08:45:14.707" endtime="20200527 08:45:18.551"></status>
</kw>
<status status="PASS" starttime="20200527 08:45:14.707" endtime="20200527 08:45:18.552"></status>
</kw>
<doc>test case launch browser</doc>
<tags>
<tag>regression</tag>
<tag>sanity</tag>
<tag>smoke</tag>
</tags>
<status status="PASS" starttime="20200527 08:44:37.276" endtime="20200527 08:45:18.554" critical="yes"></status>
</test>
<kw name="After Test Suite" library="Resources1" type="teardown">
<kw name="Log" library="BuiltIn">
<doc>Logs the given message with the given level.</doc>
<arguments>
<arg>AfterTestSuite</arg>
</arguments>
<msg timestamp="20200527 08:45:18.563" level="INFO">AfterTestSuite</msg>
<status status="PASS" starttime="20200527 08:45:18.562" endtime="20200527 08:45:18.564"></status>
</kw>
<status status="PASS" starttime="20200527 08:45:18.561" endtime="20200527 08:45:18.564"></status>
</kw>
<doc>it gives Details for the test case</doc>
<status status="PASS" starttime="20200527 08:44:10.700" endtime="20200527 08:45:18.564"></status>
</suite>
<kw name="After Test Suite" type="teardown">
<kw name="Log" library="BuiltIn">
<doc>Logs the given message with the given level.</doc>
<arguments>
<arg>AfterTestSuite</arg>
</arguments>
<msg timestamp="20200527 08:45:18.588" level="INFO">AfterTestSuite</msg>
<status status="PASS" starttime="20200527 08:45:18.587" endtime="20200527 08:45:18.589"></status>
</kw>
<status status="PASS" starttime="20200527 08:45:18.586" endtime="20200527 08:45:18.590"></status>
</kw>
<status status="PASS" starttime="20200527 08:40:27.502" endtime="20200527 08:45:18.590"></status>
</suite>
<statistics>
<total>
<stat pass="10" fail="0">Critical Tests</stat>
<stat pass="10" fail="0">All Tests</stat>
</total>
<tag>
<stat pass="2" fail="0">regression</stat>
<stat pass="1" fail="0">sanity</stat>
<stat pass="2" fail="0">smoke</stat>
</tag>
<suite>
<stat pass="10" fail="0" id="s1" name="TetsCases">TetsCases</stat>
<stat pass="1" fail="0" id="s1-s1" name="TCC01Open CloseBrowser">TetsCases.TCC01Open CloseBrowser</stat>
<stat pass="1" fail="0" id="s1-s2" name="TCC02InterectTextBox">TetsCases.TCC02InterectTextBox</stat>
<stat pass="1" fail="0" id="s1-s3" name="TCC03KeyWord">TetsCases.TCC03KeyWord</stat>
<stat pass="1" fail="0" id="s1-s4" name="TCC04KeyWordWithArgumnet">TetsCases.TCC04KeyWordWithArgumnet</stat>
<stat pass="1" fail="0" id="s1-s5" name="TCC05KeyWordWithArgumnet">TetsCases.TCC05KeyWordWithArgumnet</stat>
<stat pass="1" fail="0" id="s1-s6" name="TCC06KeyWordInResources">TetsCases.TCC06KeyWordInResources</stat>
<stat pass="2" fail="0" id="s1-s7" name="TCC07SetupTearDown">TetsCases.TCC07SetupTearDown</stat>
<stat pass="2" fail="0" id="s1-s8" name="TCC08SetupTearDownatSetting">TetsCases.TCC08SetupTearDownatSetting</stat>
</suite>
</statistics>
<errors>
</errors>
</robot>
