<?xml version="1.0" encoding="UTF-8"?>
<robot generator="Robot 3.2.1 (Python 3.7.2 on win32)" generated="20200531 16:01:49.180" rpa="false">
<suite id="s1" name="TCC11RedLocatorFromJason" source="C:\Users\sony\PycharmProjects\RobortFrameWorkAutomation\TetsCases\TCC11RedLocatorFromJason.robot">
<test id="s1-t1" name="Robot FirstTestCase">
<kw name="Read Element Loacator">
<arguments>
<arg>Regestration.UserNameTextbox_name</arg>
</arguments>
<assign>
<var>${UserName}</var>
</assign>
<kw name="Readlocatorfrom Json File" library="Locators">
<arguments>
<arg>${Jsonpath}</arg>
</arguments>
<assign>
<var>${Result}</var>
</assign>
<msg timestamp="20200531 16:01:49.624" level="INFO">${Result} = fld_username</msg>
<status status="PASS" starttime="20200531 16:01:49.622" endtime="20200531 16:01:49.624"></status>
</kw>
<msg timestamp="20200531 16:01:49.625" level="INFO">${UserName} = fld_username</msg>
<status status="PASS" starttime="20200531 16:01:49.621" endtime="20200531 16:01:49.625"></status>
</kw>
<kw name="Log" library="BuiltIn">
<doc>Logs the given message with the given level.</doc>
<arguments>
<arg>${UserName}</arg>
</arguments>
<msg timestamp="20200531 16:01:49.626" level="INFO">fld_username</msg>
<status status="PASS" starttime="20200531 16:01:49.625" endtime="20200531 16:01:49.626"></status>
</kw>
<kw name="Read Element Loacator">
<arguments>
<arg>Regestration.email_Textbox_xpath</arg>
</arguments>
<assign>
<var>${UseEmail}</var>
</assign>
<kw name="Readlocatorfrom Json File" library="Locators">
<arguments>
<arg>${Jsonpath}</arg>
</arguments>
<assign>
<var>${Result}</var>
</assign>
<msg timestamp="20200531 16:01:49.629" level="INFO">${Result} = //input[@name='fld_email']</msg>
<status status="PASS" starttime="20200531 16:01:49.627" endtime="20200531 16:01:49.629"></status>
</kw>
<msg timestamp="20200531 16:01:49.629" level="INFO">${UseEmail} = //input[@name='fld_email']</msg>
<status status="PASS" starttime="20200531 16:01:49.626" endtime="20200531 16:01:49.629"></status>
</kw>
<kw name="Log" library="BuiltIn">
<doc>Logs the given message with the given level.</doc>
<arguments>
<arg>${UserName}</arg>
</arguments>
<msg timestamp="20200531 16:01:49.630" level="INFO">fld_username</msg>
<status status="PASS" starttime="20200531 16:01:49.630" endtime="20200531 16:01:49.630"></status>
</kw>
<kw name="Open Browser" library="SeleniumLibrary">
<doc>Opens a new browser instance to the optional ``url``.</doc>
<arguments>
<arg>${URL}</arg>
<arg>${Browser}</arg>
</arguments>
<msg timestamp="20200531 16:01:49.632" level="INFO">Opening browser 'Chrome' to base url 'http://www.thetestingworld.com/testings'.</msg>
<status status="PASS" starttime="20200531 16:01:49.631" endtime="20200531 16:01:58.360"></status>
</kw>
<kw name="Maximize Browser Window" library="SeleniumLibrary">
<doc>Maximizes current browser window.</doc>
<status status="PASS" starttime="20200531 16:01:58.360" endtime="20200531 16:02:00.516"></status>
</kw>
<kw name="Input Text" library="SeleniumLibrary">
<doc>Types the given ``text`` into the text field identified by ``locator``.</doc>
<arguments>
<arg>name:${UserName}</arg>
<arg>Romesh</arg>
</arguments>
<msg timestamp="20200531 16:02:00.519" level="INFO">Typing text 'Romesh' into text field 'name:fld_username'.</msg>
<kw name="Capture Page Screenshot" library="SeleniumLibrary">
<doc>Takes a screenshot of the current page and embeds it into a log file.</doc>
<msg timestamp="20200531 16:02:00.919" level="INFO" html="yes">&lt;/td&gt;&lt;/tr&gt;&lt;tr&gt;&lt;td colspan="3"&gt;&lt;a href="selenium-screenshot-3.png"&gt;&lt;img src="selenium-screenshot-3.png" width="800px"&gt;&lt;/a&gt;</msg>
<status status="PASS" starttime="20200531 16:02:00.562" endtime="20200531 16:02:00.919"></status>
</kw>
<msg timestamp="20200531 16:02:00.923" level="FAIL">Element with locator 'name:fld_username' not found.</msg>
<status status="FAIL" starttime="20200531 16:02:00.518" endtime="20200531 16:02:00.923"></status>
</kw>
<status status="FAIL" starttime="20200531 16:01:49.620" endtime="20200531 16:02:00.924" critical="yes">Element with locator 'name:fld_username' not found.</status>
</test>
<status status="FAIL" starttime="20200531 16:01:49.185" endtime="20200531 16:02:00.926"></status>
</suite>
<statistics>
<total>
<stat pass="0" fail="1">Critical Tests</stat>
<stat pass="0" fail="1">All Tests</stat>
</total>
<tag>
</tag>
<suite>
<stat pass="0" fail="1" id="s1" name="TCC11RedLocatorFromJason">TCC11RedLocatorFromJason</stat>
</suite>
</statistics>
<errors>
</errors>
</robot>
